<?xml version="1.0" encoding="UTF-8"?>
<testsuites name="Command_Line_Suit" time="15.412" tests="1" failures="0" errors="0">
   <testsuite name="Command_Line_Suit" tests="1" failures="0" errors="0" time="15.412" skipped="0" timestamp="15-10-2024T10:40:48" hostname="24080102 - DESKTOP-L509IM7.silvertouch.local" id="Test Suites/Command_Line_Sample_Suit/Command_Line_Suit">
      <properties>
         <property name="deviceName" value=""/>
         <property name="devicePlatform"/>
         <property name="logFolder" value="D:\\Silver Touch_MP\\Softwares\\Katalon\\Katalon_WorkSpace_STTL\\Katalon_Training_Udemy\\Reports\\20241015_104027\\Command_Line_Sample_Suit\\Command_Line_Suit\\20241015_104036"/>
         <property name="logFiles" value="D:\\Silver Touch_MP\\Softwares\\Katalon\\Katalon_WorkSpace_STTL\\Katalon_Training_Udemy\\Reports\\20241015_104027\\Command_Line_Sample_Suit\\Command_Line_Suit\\20241015_104036\\execution0.log"/>
         <property name="attachments" value=""/>
         <property name="hostName" value="24080102 - DESKTOP-L509IM7.silvertouch.local"/>
         <property name="os" value="Windows 10 64bit"/>
         <property name="katalonVersion" value="9.7.2.223"/>
         <property name="browser" value="Chrome 129.0.0.0"/>
         <property name="hostAddress" value="192.168.6.239"/>
         <property name="sessionId" value="886cadf8fbed761ea9270a3e2d546361"/>
         <property name="seleniumVersion" value="3.141.59"/>
         <property name="proxyInformation" value="ProxyInformation { proxyOption=NO_PROXY, proxyServerType=HTTP, username=, password=********, proxyServerAddress=, proxyServerPort=0, executionList=&quot;&quot;, isApplyToDesiredCapabilities=true }"/>
         <property name="platform" value="Windows 10"/>
      </properties>
      <testcase name="Test Cases/Command_Line/Command_Line_Demo" time="15.191" classname="Test Cases/Command_Line/Command_Line_Demo" status="PASSED">
         <system-out><![CDATA[15-10-2024T10:40:48 - [TEST_CASE][PASSED] - Test Cases/Command_Line/Command_Line_Demo: Test Cases/Command_Line/Command_Line_Demo

15-10-2024T10:40:48 - [TEST_STEP][PASSED] - openBrowser(""): Browser is opened with url: ''

15-10-2024T10:40:48 - [MESSAGE][INFO] - Starting 'Chrome' driver

15-10-2024T10:40:48 - [MESSAGE][INFO] - Action delay is set to 0 milliseconds

15-10-2024T10:40:53 - [MESSAGE][PASSED] - Browser is opened with url: ''

15-10-2024T10:40:53 - [TEST_STEP][PASSED] - maximizeWindow(): Current window maximized

15-10-2024T10:40:53 - [MESSAGE][PASSED] - Current window maximized

15-10-2024T10:40:53 - [TEST_STEP][PASSED] - navigateToUrl("https://opensource-demo.orangehrmlive.com/web/index.php/auth/login"): Navigate to 'https://opensource-demo.orangehrmlive.com/web/index.php/auth/login' successfully

15-10-2024T10:40:54 - [MESSAGE][PASSED] - Navigate to 'https://opensource-demo.orangehrmlive.com/web/index.php/auth/login' successfully

15-10-2024T10:40:54 - [TEST_STEP][PASSED] - verifyTextPresent("Login", false): Text 'Login' is present on page 

15-10-2024T10:40:57 - [MESSAGE][PASSED] - Text 'Login' is present on page 

15-10-2024T10:40:57 - [TEST_STEP][PASSED] - setText(findTestObject("Manual_Script_Mode_Objects/input_Username_username"), "Admin"): Text 'Admin' is set on object 'Object Repository/Manual_Script_Mode_Objects/input_Username_username'

15-10-2024T10:40:57 - [MESSAGE][PASSED] - Text 'Admin' is set on object 'Object Repository/Manual_Script_Mode_Objects/input_Username_username'

15-10-2024T10:40:57 - [TEST_STEP][PASSED] - setEncryptedText(findTestObject("Manual_Script_Mode_Objects/input_Password_password"), "hUKwJTbofgPU9eVlw/CnDQ=="): Text ****** has been set on object 'Object Repository/Manual_Script_Mode_Objects/input_Password_password'

15-10-2024T10:40:58 - [MESSAGE][PASSED] - Text ****** has been set on object 'Object Repository/Manual_Script_Mode_Objects/input_Password_password'

15-10-2024T10:40:58 - [TEST_STEP][PASSED] - click(findTestObject("Manual_Script_Mode_Objects/button_Login")): Object: 'Object Repository/Manual_Script_Mode_Objects/button_Login' is clicked on

15-10-2024T10:40:59 - [MESSAGE][PASSED] - Object: 'Object Repository/Manual_Script_Mode_Objects/button_Login' is clicked on

15-10-2024T10:40:59 - [TEST_STEP][PASSED] - delay(2): Delayed 2 second(s)

15-10-2024T10:41:01 - [MESSAGE][PASSED] - Delayed 2 second(s)

15-10-2024T10:41:01 - [TEST_STEP][PASSED] - verifyTextPresent("Dashboard", false): Text 'Dashboard' is present on page 

15-10-2024T10:41:02 - [MESSAGE][PASSED] - Text 'Dashboard' is present on page 

15-10-2024T10:41:02 - [TEST_STEP][PASSED] - closeBrowser(): Browser is closed

15-10-2024T10:41:03 - [MESSAGE][PASSED] - Browser is closed]]></system-out>
         <system-err><![CDATA[]]></system-err>
      </testcase>
      <system-out><![CDATA[15-10-2024T10:40:48 - [TEST_SUITE][PASSED] - Command_Line_Suit: Test Cases/Command_Line/Command_Line_Demo]]></system-out>
      <system-err><![CDATA[]]></system-err>
   </testsuite>
</testsuites>
