<?xml version="1.0" encoding="UTF-8"?>
<testsuites name="ALL_Cases" time="32.519" tests="2" failures="0" errors="0">
   <testsuite name="ALL_Cases" tests="2" failures="0" errors="0" time="32.519" skipped="0" timestamp="11-10-2024T17:41:48" hostname="24080102 - DESKTOP-L509IM7.silvertouch.local" id="Test Suites/Suits/ALL_Cases">
      <properties>
         <property name="deviceName" value=""/>
         <property name="devicePlatform"/>
         <property name="logFolder" value="D:\\Silver Touch_MP\\Softwares\\Katalon\\Katalon_WorkSpace_STTL\\Katalon_Training_Udemy\\Reports\\20241011_174140\\Suits\\ALL_Cases\\20241011_174140"/>
         <property name="logFiles" value="D:\\Silver Touch_MP\\Softwares\\Katalon\\Katalon_WorkSpace_STTL\\Katalon_Training_Udemy\\Reports\\20241011_174140\\Suits\\ALL_Cases\\20241011_174140\\execution0.log"/>
         <property name="attachments" value=""/>
         <property name="hostName" value="24080102 - DESKTOP-L509IM7.silvertouch.local"/>
         <property name="os" value="Windows 10 64bit"/>
         <property name="katalonVersion" value="9.7.2.223"/>
         <property name="browser" value="Chrome 129.0.0.0"/>
         <property name="hostAddress" value="192.168.6.239"/>
         <property name="sessionId" value="d9e00613c1efaa4b3fe3426c4145e6b3"/>
         <property name="seleniumVersion" value="3.141.59"/>
         <property name="proxyInformation" value="ProxyInformation { proxyOption=NO_PROXY, proxyServerType=HTTP, username=, password=********, proxyServerAddress=, proxyServerPort=0, executionList=&quot;&quot;, isApplyToDesiredCapabilities=true }"/>
         <property name="platform" value="Windows 10"/>
      </properties>
      <testcase name="Test Cases/Manual_Mode_Cases/Manual_Demo_Test_Case" time="15.2" classname="Test Cases/Manual_Mode_Cases/Manual_Demo_Test_Case" status="PASSED">
         <system-out><![CDATA[11-10-2024T17:41:48 - [TEST_CASE][PASSED] - Test Cases/Manual_Mode_Cases/Manual_Demo_Test_Case: Test Cases/Manual_Mode_Cases/Manual_Demo_Test_Case

11-10-2024T17:41:48 - [TEST_STEP][PASSED] - openBrowser(""): Browser is opened with url: ''

11-10-2024T17:41:48 - [MESSAGE][INFO] - Starting 'Chrome' driver

11-10-2024T17:41:48 - [MESSAGE][INFO] - Action delay is set to 0 milliseconds

11-10-2024T17:41:52 - [MESSAGE][PASSED] - Browser is opened with url: ''

11-10-2024T17:41:52 - [TEST_STEP][PASSED] - maximizeWindow(): Current window maximized

11-10-2024T17:41:52 - [MESSAGE][PASSED] - Current window maximized

11-10-2024T17:41:52 - [TEST_STEP][PASSED] - navigateToUrl("https://opensource-demo.orangehrmlive.com/web/index.php/auth/login"): Navigate to 'https://opensource-demo.orangehrmlive.com/web/index.php/auth/login' successfully

11-10-2024T17:41:55 - [MESSAGE][PASSED] - Navigate to 'https://opensource-demo.orangehrmlive.com/web/index.php/auth/login' successfully

11-10-2024T17:41:55 - [TEST_STEP][PASSED] - verifyTextPresent("Login", false): Text 'Login' is present on page 

11-10-2024T17:41:57 - [MESSAGE][PASSED] - Text 'Login' is present on page 

11-10-2024T17:41:57 - [TEST_STEP][PASSED] - setText(findTestObject("Page_OrangeHRM/input_Username_username"), "Admin"): Text 'Admin' is set on object 'Object Repository/Page_OrangeHRM/input_Username_username'

11-10-2024T17:41:57 - [MESSAGE][PASSED] - Text 'Admin' is set on object 'Object Repository/Page_OrangeHRM/input_Username_username'

11-10-2024T17:41:57 - [TEST_STEP][PASSED] - setEncryptedText(findTestObject("Page_OrangeHRM/input_Password_password"), "hUKwJTbofgPU9eVlw/CnDQ=="): Text ****** has been set on object 'Object Repository/Page_OrangeHRM/input_Password_password'

11-10-2024T17:41:58 - [MESSAGE][PASSED] - Text ****** has been set on object 'Object Repository/Page_OrangeHRM/input_Password_password'

11-10-2024T17:41:58 - [TEST_STEP][PASSED] - click(findTestObject("Page_OrangeHRM/button_Login")): Object: 'Object Repository/Page_OrangeHRM/button_Login' is clicked on

11-10-2024T17:41:59 - [MESSAGE][PASSED] - Object: 'Object Repository/Page_OrangeHRM/button_Login' is clicked on

11-10-2024T17:41:59 - [TEST_STEP][PASSED] - delay(2): Delayed 2 second(s)

11-10-2024T17:42:01 - [MESSAGE][PASSED] - Delayed 2 second(s)

11-10-2024T17:42:01 - [TEST_STEP][PASSED] - verifyTextPresent("Dashboard", false): Text 'Dashboard' is present on page 

11-10-2024T17:42:02 - [MESSAGE][PASSED] - Text 'Dashboard' is present on page 

11-10-2024T17:42:02 - [TEST_STEP][PASSED] - closeBrowser(): Browser is closed

11-10-2024T17:42:03 - [MESSAGE][PASSED] - Browser is closed]]></system-out>
         <system-err><![CDATA[]]></system-err>
      </testcase>
      <testcase name="Test Cases/Record_Mode_Cases/Record_Demo_Test_Case" time="17.111" classname="Test Cases/Record_Mode_Cases/Record_Demo_Test_Case" status="PASSED">
         <system-out><![CDATA[11-10-2024T17:42:03 - [TEST_CASE][PASSED] - Test Cases/Record_Mode_Cases/Record_Demo_Test_Case: Test Cases/Record_Mode_Cases/Record_Demo_Test_Case

11-10-2024T17:42:03 - [TEST_STEP][PASSED] - openBrowser(""): Browser is opened with url: ''

11-10-2024T17:42:03 - [MESSAGE][INFO] - Starting 'Chrome' driver

11-10-2024T17:42:03 - [MESSAGE][INFO] - Action delay is set to 0 milliseconds

11-10-2024T17:42:06 - [MESSAGE][PASSED] - Browser is opened with url: ''

11-10-2024T17:42:06 - [TEST_STEP][PASSED] - maximizeWindow(): Current window maximized

11-10-2024T17:42:06 - [MESSAGE][PASSED] - Current window maximized

11-10-2024T17:42:06 - [TEST_STEP][PASSED] - navigateToUrl("https://katalon-demo-cura.herokuapp.com/"): Navigate to 'https://katalon-demo-cura.herokuapp.com/' successfully

11-10-2024T17:42:09 - [MESSAGE][PASSED] - Navigate to 'https://katalon-demo-cura.herokuapp.com/' successfully

11-10-2024T17:42:09 - [TEST_STEP][PASSED] - click(findTestObject("Object Repository/Page_CURA Healthcare Service/a_Make Appointment")): Object: 'Object Repository/Page_CURA Healthcare Service/a_Make Appointment' is clicked on

11-10-2024T17:42:10 - [MESSAGE][PASSED] - Object: 'Object Repository/Page_CURA Healthcare Service/a_Make Appointment' is clicked on

11-10-2024T17:42:10 - [TEST_STEP][PASSED] - setText(findTestObject("Object Repository/Page_CURA Healthcare Service/input_Username_username"), "John Doe"): Text 'John Doe' is set on object 'Object Repository/Page_CURA Healthcare Service/input_Username_username'

11-10-2024T17:42:11 - [MESSAGE][PASSED] - Text 'John Doe' is set on object 'Object Repository/Page_CURA Healthcare Service/input_Username_username'

11-10-2024T17:42:11 - [TEST_STEP][PASSED] - setEncryptedText(findTestObject("Object Repository/Page_CURA Healthcare Service/input_Password_password"), "g3/DOGG74jC3Flrr3yH+3D/yKbOqqUNM"): Text ****** has been set on object 'Object Repository/Page_CURA Healthcare Service/input_Password_password'

11-10-2024T17:42:12 - [MESSAGE][PASSED] - Text ****** has been set on object 'Object Repository/Page_CURA Healthcare Service/input_Password_password'

11-10-2024T17:42:12 - [TEST_STEP][PASSED] - click(findTestObject("Object Repository/Page_CURA Healthcare Service/button_Login")): Object: 'Object Repository/Page_CURA Healthcare Service/button_Login' is clicked on

11-10-2024T17:42:13 - [MESSAGE][PASSED] - Object: 'Object Repository/Page_CURA Healthcare Service/button_Login' is clicked on

11-10-2024T17:42:13 - [TEST_STEP][PASSED] - selectOptionByValue(findTestObject("Object Repository/Page_CURA Healthcare Service/select_Tokyo CURA Healthcare Center        _5b4107"), "Hongkong CURA Healthcare Center", true): All options with value 'Hongkong CURA Healthcare Center' are selected in object 'Object Repository/Page_CURA Healthcare Service/select_Tokyo CURA Healthcare Center        _5b4107'  using regular expression

11-10-2024T17:42:14 - [MESSAGE][PASSED] - All options with value 'Hongkong CURA Healthcare Center' are selected in object 'Object Repository/Page_CURA Healthcare Service/select_Tokyo CURA Healthcare Center        _5b4107'  using regular expression

11-10-2024T17:42:14 - [TEST_STEP][PASSED] - click(findTestObject("Object Repository/Page_CURA Healthcare Service/input_Apply for hospital readmission_hospit_63901f")): Object: 'Object Repository/Page_CURA Healthcare Service/input_Apply for hospital readmission_hospit_63901f' is clicked on

11-10-2024T17:42:14 - [MESSAGE][PASSED] - Object: 'Object Repository/Page_CURA Healthcare Service/input_Apply for hospital readmission_hospit_63901f' is clicked on

11-10-2024T17:42:14 - [TEST_STEP][PASSED] - click(findTestObject("Object Repository/Page_CURA Healthcare Service/input_None_programs")): Object: 'Object Repository/Page_CURA Healthcare Service/input_None_programs' is clicked on

11-10-2024T17:42:14 - [MESSAGE][PASSED] - Object: 'Object Repository/Page_CURA Healthcare Service/input_None_programs' is clicked on

11-10-2024T17:42:14 - [TEST_STEP][PASSED] - click(findTestObject("Object Repository/Page_CURA Healthcare Service/div_Visit Date (Required)_input-group-addon")): Object: 'Object Repository/Page_CURA Healthcare Service/div_Visit Date (Required)_input-group-addon' is clicked on

11-10-2024T17:42:15 - [MESSAGE][PASSED] - Object: 'Object Repository/Page_CURA Healthcare Service/div_Visit Date (Required)_input-group-addon' is clicked on

11-10-2024T17:42:15 - [TEST_STEP][PASSED] - click(findTestObject("Object Repository/Page_CURA Healthcare Service/th_")): Object: 'Object Repository/Page_CURA Healthcare Service/th_' is clicked on

11-10-2024T17:42:15 - [MESSAGE][PASSED] - Object: 'Object Repository/Page_CURA Healthcare Service/th_' is clicked on

11-10-2024T17:42:15 - [TEST_STEP][PASSED] - click(findTestObject("Object Repository/Page_CURA Healthcare Service/td_24")): Object: 'Object Repository/Page_CURA Healthcare Service/td_24' is clicked on

11-10-2024T17:42:16 - [MESSAGE][PASSED] - Object: 'Object Repository/Page_CURA Healthcare Service/td_24' is clicked on

11-10-2024T17:42:16 - [TEST_STEP][PASSED] - setText(findTestObject("Object Repository/Page_CURA Healthcare Service/textarea_Comment_comment"), "Jida Intezaar si, Aaj Rabba Wohi Din Aaya hai"): Text 'Jida Intezaar si, Aaj Rabba Wohi Din Aaya hai' is set on object 'Object Repository/Page_CURA Healthcare Service/textarea_Comment_comment'

11-10-2024T17:42:17 - [MESSAGE][PASSED] - Text 'Jida Intezaar si, Aaj Rabba Wohi Din Aaya hai' is set on object 'Object Repository/Page_CURA Healthcare Service/textarea_Comment_comment'

11-10-2024T17:42:17 - [TEST_STEP][PASSED] - click(findTestObject("Object Repository/Page_CURA Healthcare Service/button_Book Appointment")): Object: 'Object Repository/Page_CURA Healthcare Service/button_Book Appointment' is clicked on

11-10-2024T17:42:17 - [MESSAGE][PASSED] - Object: 'Object Repository/Page_CURA Healthcare Service/button_Book Appointment' is clicked on

11-10-2024T17:42:17 - [TEST_STEP][PASSED] - verifyElementText(findTestObject("Object Repository/Page_CURA Healthcare Service/h2_Appointment Confirmation"), "Appointment Confirmation"): Actual text and expected text of test object 'Object Repository/Page_CURA Healthcare Service/h2_Appointment Confirmation' are matched.

11-10-2024T17:42:18 - [MESSAGE][PASSED] - Actual text and expected text of test object 'Object Repository/Page_CURA Healthcare Service/h2_Appointment Confirmation' are matched.

11-10-2024T17:42:18 - [TEST_STEP][PASSED] - verifyElementText(findTestObject("Object Repository/Page_CURA Healthcare Service/p_Jida Intezaar si, Aaj Rabba Wohi Din Aaya hai"), "Jida Intezaar si, Aaj Rabba Wohi Din Aaya hai"): Actual text and expected text of test object 'Object Repository/Page_CURA Healthcare Service/p_Jida Intezaar si, Aaj Rabba Wohi Din Aaya hai' are matched.

11-10-2024T17:42:18 - [MESSAGE][PASSED] - Actual text and expected text of test object 'Object Repository/Page_CURA Healthcare Service/p_Jida Intezaar si, Aaj Rabba Wohi Din Aaya hai' are matched.

11-10-2024T17:42:18 - [TEST_STEP][PASSED] - click(findTestObject("Object Repository/Page_CURA Healthcare Service/a_Go to Homepage")): Object: 'Object Repository/Page_CURA Healthcare Service/a_Go to Homepage' is clicked on

11-10-2024T17:42:19 - [MESSAGE][PASSED] - Object: 'Object Repository/Page_CURA Healthcare Service/a_Go to Homepage' is clicked on

11-10-2024T17:42:19 - [TEST_STEP][PASSED] - closeBrowser(): Browser is closed

11-10-2024T17:42:20 - [MESSAGE][PASSED] - Browser is closed]]></system-out>
         <system-err><![CDATA[]]></system-err>
      </testcase>
      <system-out><![CDATA[11-10-2024T17:41:48 - [TEST_SUITE][PASSED] - ALL_Cases: Test Cases/Record_Mode_Cases/Record_Demo_Test_Case]]></system-out>
      <system-err><![CDATA[]]></system-err>
   </testsuite>
</testsuites>
