<?xml version="1.0" encoding="UTF-8"?>
<testsuites name="ALL_Cases" time="16.115" tests="1" failures="0" errors="0">
   <testsuite name="ALL_Cases" tests="1" failures="0" errors="0" time="16.115" skipped="0" timestamp="11-10-2024T17:12:49" hostname="24080102 - DESKTOP-L509IM7.silvertouch.local" id="Test Suites/Suits/ALL_Cases">
      <properties>
         <property name="deviceName" value=""/>
         <property name="devicePlatform"/>
         <property name="logFolder" value="D:\\Silver Touch_MP\\Softwares\\Katalon\\Katalon_WorkSpace_STTL\\Katalon_Training_Udemy\\Reports\\20241011_171238\\Suits\\ALL_Cases\\20241011_171238"/>
         <property name="logFiles" value="D:\\Silver Touch_MP\\Softwares\\Katalon\\Katalon_WorkSpace_STTL\\Katalon_Training_Udemy\\Reports\\20241011_171238\\Suits\\ALL_Cases\\20241011_171238\\execution0.log"/>
         <property name="attachments" value=""/>
         <property name="hostName" value="24080102 - DESKTOP-L509IM7.silvertouch.local"/>
         <property name="os" value="Windows 10 64bit"/>
         <property name="katalonVersion" value="9.7.2.223"/>
         <property name="browser" value="Chrome 129.0.0.0"/>
         <property name="hostAddress" value="192.168.6.239"/>
         <property name="sessionId" value="5ea2b086a9e07ea29efce8b991557ca5"/>
         <property name="seleniumVersion" value="3.141.59"/>
         <property name="proxyInformation" value="ProxyInformation { proxyOption=NO_PROXY, proxyServerType=HTTP, username=, password=********, proxyServerAddress=, proxyServerPort=0, executionList=&quot;&quot;, isApplyToDesiredCapabilities=true }"/>
         <property name="platform" value="Windows 10"/>
      </properties>
      <testcase name="Test Cases/Manual_Mode_Cases/Manual_Demo_Test_Case" time="15.814" classname="Test Cases/Manual_Mode_Cases/Manual_Demo_Test_Case" status="PASSED">
         <system-out><![CDATA[11-10-2024T17:12:49 - [TEST_CASE][PASSED] - Test Cases/Manual_Mode_Cases/Manual_Demo_Test_Case: Test Cases/Manual_Mode_Cases/Manual_Demo_Test_Case

11-10-2024T17:12:50 - [TEST_STEP][PASSED] - openBrowser(""): Browser is opened with url: ''

11-10-2024T17:12:50 - [MESSAGE][INFO] - Starting 'Chrome' driver

11-10-2024T17:12:50 - [MESSAGE][INFO] - Action delay is set to 0 milliseconds

11-10-2024T17:12:53 - [MESSAGE][PASSED] - Browser is opened with url: ''

11-10-2024T17:12:53 - [TEST_STEP][PASSED] - maximizeWindow(): Current window maximized

11-10-2024T17:12:54 - [MESSAGE][PASSED] - Current window maximized

11-10-2024T17:12:54 - [TEST_STEP][PASSED] - navigateToUrl("https://opensource-demo.orangehrmlive.com/web/index.php/auth/login"): Navigate to 'https://opensource-demo.orangehrmlive.com/web/index.php/auth/login' successfully

11-10-2024T17:12:58 - [MESSAGE][PASSED] - Navigate to 'https://opensource-demo.orangehrmlive.com/web/index.php/auth/login' successfully

11-10-2024T17:12:58 - [TEST_STEP][PASSED] - verifyTextPresent("Login", false): Text 'Login' is present on page 

11-10-2024T17:12:59 - [MESSAGE][PASSED] - Text 'Login' is present on page 

11-10-2024T17:12:59 - [TEST_STEP][PASSED] - setText(findTestObject("Page_OrangeHRM/input_Username_username"), "Admin"): Text 'Admin' is set on object 'Object Repository/Page_OrangeHRM/input_Username_username'

11-10-2024T17:12:59 - [MESSAGE][PASSED] - Text 'Admin' is set on object 'Object Repository/Page_OrangeHRM/input_Username_username'

11-10-2024T17:12:59 - [TEST_STEP][PASSED] - setEncryptedText(findTestObject("Page_OrangeHRM/input_Password_password"), "hUKwJTbofgPU9eVlw/CnDQ=="): Text ****** has been set on object 'Object Repository/Page_OrangeHRM/input_Password_password'

11-10-2024T17:13:00 - [MESSAGE][PASSED] - Text ****** has been set on object 'Object Repository/Page_OrangeHRM/input_Password_password'

11-10-2024T17:13:00 - [TEST_STEP][PASSED] - click(findTestObject("Page_OrangeHRM/button_Login")): Object: 'Object Repository/Page_OrangeHRM/button_Login' is clicked on

11-10-2024T17:13:01 - [MESSAGE][PASSED] - Object: 'Object Repository/Page_OrangeHRM/button_Login' is clicked on

11-10-2024T17:13:01 - [TEST_STEP][PASSED] - delay(2): Delayed 2 second(s)

11-10-2024T17:13:03 - [MESSAGE][PASSED] - Delayed 2 second(s)

11-10-2024T17:13:03 - [TEST_STEP][PASSED] - verifyTextPresent("Dashboard", false): Text 'Dashboard' is present on page 

11-10-2024T17:13:04 - [MESSAGE][PASSED] - Text 'Dashboard' is present on page 

11-10-2024T17:13:04 - [TEST_STEP][PASSED] - closeBrowser(): Browser is closed

11-10-2024T17:13:05 - [MESSAGE][PASSED] - Browser is closed]]></system-out>
         <system-err><![CDATA[]]></system-err>
      </testcase>
      <system-out><![CDATA[11-10-2024T17:12:49 - [TEST_SUITE][PASSED] - ALL_Cases: Test Cases/Manual_Mode_Cases/Manual_Demo_Test_Case]]></system-out>
      <system-err><![CDATA[]]></system-err>
   </testsuite>
</testsuites>
