<?xml version="1.0" encoding="UTF-8"?>
<testsuites name="Collection_1" time="115.337" tests="4" failures="0" errors="0">
   <testsuite name="ALL_Cases" tests="2" failures="0" errors="0" time="37.626" skipped="0" timestamp="15-10-2024T10:43:18" hostname="24080102 - DESKTOP-L509IM7.silvertouch.local" id="Test Suites/Suits/ALL_Cases">
      <properties>
         <property name="deviceName" value=""/>
         <property name="devicePlatform"/>
         <property name="logFolder" value="D:\\Silver Touch_MP\\Softwares\\Katalon\\Katalon_WorkSpace_STTL\\Katalon_Training_Udemy\\Reports\\20241015_104255\\Suits\\ALL_Cases\\20241015_104303"/>
         <property name="logFiles" value="D:\\Silver Touch_MP\\Softwares\\Katalon\\Katalon_WorkSpace_STTL\\Katalon_Training_Udemy\\Reports\\20241015_104255\\Suits\\ALL_Cases\\20241015_104303\\execution0.log"/>
         <property name="attachments" value=""/>
         <property name="hostName" value="24080102 - DESKTOP-L509IM7.silvertouch.local"/>
         <property name="os" value="Windows 10 64bit"/>
         <property name="katalonVersion" value="9.7.2.223"/>
         <property name="browser" value="Chrome 129.0.0.0"/>
         <property name="hostAddress" value="192.168.6.239"/>
         <property name="sessionId" value="e6a0bf7fb0ef095caaa709d2d43cec60"/>
         <property name="seleniumVersion" value="3.141.59"/>
         <property name="proxyInformation" value="ProxyInformation { proxyOption=NO_PROXY, proxyServerType=HTTP, username=, password=********, proxyServerAddress=, proxyServerPort=0, executionList=&quot;&quot;, isApplyToDesiredCapabilities=true }"/>
         <property name="platform" value="Windows 10"/>
      </properties>
      <testcase name="Test Cases/Record_Mode_Cases/Record_Demo_Test_Case" time="17.12" classname="Test Cases/Record_Mode_Cases/Record_Demo_Test_Case" status="PASSED">
         <system-out><![CDATA[15-10-2024T10:43:19 - [TEST_CASE][PASSED] - Test Cases/Record_Mode_Cases/Record_Demo_Test_Case: Test Cases/Record_Mode_Cases/Record_Demo_Test_Case

15-10-2024T10:43:19 - [TEST_STEP][PASSED] - openBrowser(""): Browser is opened with url: ''

15-10-2024T10:43:19 - [MESSAGE][INFO] - Starting 'Chrome' driver

15-10-2024T10:43:19 - [MESSAGE][INFO] - Action delay is set to 0 milliseconds

15-10-2024T10:43:23 - [MESSAGE][PASSED] - Browser is opened with url: ''

15-10-2024T10:43:23 - [TEST_STEP][PASSED] - maximizeWindow(): Current window maximized

15-10-2024T10:43:23 - [MESSAGE][PASSED] - Current window maximized

15-10-2024T10:43:23 - [TEST_STEP][PASSED] - navigateToUrl("https://katalon-demo-cura.herokuapp.com/"): Navigate to 'https://katalon-demo-cura.herokuapp.com/' successfully

15-10-2024T10:43:24 - [MESSAGE][PASSED] - Navigate to 'https://katalon-demo-cura.herokuapp.com/' successfully

15-10-2024T10:43:24 - [TEST_STEP][PASSED] - click(findTestObject("Object Repository/Record_Mode_Objects/a_Make Appointment")): Object: 'Object Repository/Record_Mode_Objects/a_Make Appointment' is clicked on

15-10-2024T10:43:27 - [MESSAGE][PASSED] - Object: 'Object Repository/Record_Mode_Objects/a_Make Appointment' is clicked on

15-10-2024T10:43:27 - [TEST_STEP][PASSED] - setText(findTestObject("Object Repository/Record_Mode_Objects/input_Username_username"), "John Doe"): Text 'John Doe' is set on object 'Object Repository/Record_Mode_Objects/input_Username_username'

15-10-2024T10:43:27 - [MESSAGE][PASSED] - Text 'John Doe' is set on object 'Object Repository/Record_Mode_Objects/input_Username_username'

15-10-2024T10:43:27 - [TEST_STEP][PASSED] - setEncryptedText(findTestObject("Object Repository/Record_Mode_Objects/input_Password_password"), "g3/DOGG74jC3Flrr3yH+3D/yKbOqqUNM"): Text ****** has been set on object 'Object Repository/Record_Mode_Objects/input_Password_password'

15-10-2024T10:43:28 - [MESSAGE][PASSED] - Text ****** has been set on object 'Object Repository/Record_Mode_Objects/input_Password_password'

15-10-2024T10:43:28 - [TEST_STEP][PASSED] - click(findTestObject("Object Repository/Record_Mode_Objects/button_Login")): Object: 'Object Repository/Record_Mode_Objects/button_Login' is clicked on

15-10-2024T10:43:29 - [MESSAGE][PASSED] - Object: 'Object Repository/Record_Mode_Objects/button_Login' is clicked on

15-10-2024T10:43:29 - [TEST_STEP][PASSED] - selectOptionByValue(findTestObject("Object Repository/Record_Mode_Objects/select_Tokyo CURA Healthcare Center        _5b4107"), "Hongkong CURA Healthcare Center", true): All options with value 'Hongkong CURA Healthcare Center' are selected in object 'Object Repository/Record_Mode_Objects/select_Tokyo CURA Healthcare Center        _5b4107'  using regular expression

15-10-2024T10:43:29 - [MESSAGE][PASSED] - All options with value 'Hongkong CURA Healthcare Center' are selected in object 'Object Repository/Record_Mode_Objects/select_Tokyo CURA Healthcare Center        _5b4107'  using regular expression

15-10-2024T10:43:29 - [TEST_STEP][PASSED] - click(findTestObject("Object Repository/Record_Mode_Objects/input_Apply for hospital readmission_hospit_63901f")): Object: 'Object Repository/Record_Mode_Objects/input_Apply for hospital readmission_hospit_63901f' is clicked on

15-10-2024T10:43:30 - [MESSAGE][PASSED] - Object: 'Object Repository/Record_Mode_Objects/input_Apply for hospital readmission_hospit_63901f' is clicked on

15-10-2024T10:43:30 - [TEST_STEP][PASSED] - click(findTestObject("Object Repository/Record_Mode_Objects/input_None_programs")): Object: 'Object Repository/Record_Mode_Objects/input_None_programs' is clicked on

15-10-2024T10:43:30 - [MESSAGE][PASSED] - Object: 'Object Repository/Record_Mode_Objects/input_None_programs' is clicked on

15-10-2024T10:43:30 - [TEST_STEP][PASSED] - click(findTestObject("Object Repository/Record_Mode_Objects/div_Visit Date (Required)_input-group-addon")): Object: 'Object Repository/Record_Mode_Objects/div_Visit Date (Required)_input-group-addon' is clicked on

15-10-2024T10:43:30 - [MESSAGE][PASSED] - Object: 'Object Repository/Record_Mode_Objects/div_Visit Date (Required)_input-group-addon' is clicked on

15-10-2024T10:43:30 - [TEST_STEP][PASSED] - click(findTestObject("Object Repository/Record_Mode_Objects/th_")): Object: 'Object Repository/Record_Mode_Objects/th_' is clicked on

15-10-2024T10:43:31 - [MESSAGE][PASSED] - Object: 'Object Repository/Record_Mode_Objects/th_' is clicked on

15-10-2024T10:43:31 - [TEST_STEP][PASSED] - click(findTestObject("Object Repository/Record_Mode_Objects/td_24")): Object: 'Object Repository/Record_Mode_Objects/td_24' is clicked on

15-10-2024T10:43:31 - [MESSAGE][PASSED] - Object: 'Object Repository/Record_Mode_Objects/td_24' is clicked on

15-10-2024T10:43:31 - [TEST_STEP][PASSED] - setText(findTestObject("Object Repository/Record_Mode_Objects/textarea_Comment_comment"), "Jida Intezaar si, Aaj Rabba Wohi Din Aaya hai"): Text 'Jida Intezaar si, Aaj Rabba Wohi Din Aaya hai' is set on object 'Object Repository/Record_Mode_Objects/textarea_Comment_comment'

15-10-2024T10:43:32 - [MESSAGE][PASSED] - Text 'Jida Intezaar si, Aaj Rabba Wohi Din Aaya hai' is set on object 'Object Repository/Record_Mode_Objects/textarea_Comment_comment'

15-10-2024T10:43:32 - [TEST_STEP][PASSED] - click(findTestObject("Object Repository/Record_Mode_Objects/button_Book Appointment")): Object: 'Object Repository/Record_Mode_Objects/button_Book Appointment' is clicked on

15-10-2024T10:43:33 - [MESSAGE][PASSED] - Object: 'Object Repository/Record_Mode_Objects/button_Book Appointment' is clicked on

15-10-2024T10:43:33 - [TEST_STEP][PASSED] - verifyElementText(findTestObject("Object Repository/Record_Mode_Objects/h2_Appointment Confirmation"), "Appointment Confirmation"): Actual text and expected text of test object 'Object Repository/Record_Mode_Objects/h2_Appointment Confirmation' are matched.

15-10-2024T10:43:33 - [MESSAGE][PASSED] - Actual text and expected text of test object 'Object Repository/Record_Mode_Objects/h2_Appointment Confirmation' are matched.

15-10-2024T10:43:33 - [TEST_STEP][PASSED] - verifyElementText(findTestObject("Object Repository/Record_Mode_Objects/p_Jida Intezaar si, Aaj Rabba Wohi Din Aaya hai"), "Jida Intezaar si, Aaj Rabba Wohi Din Aaya hai"): Actual text and expected text of test object 'Object Repository/Record_Mode_Objects/p_Jida Intezaar si, Aaj Rabba Wohi Din Aaya hai' are matched.

15-10-2024T10:43:33 - [MESSAGE][PASSED] - Actual text and expected text of test object 'Object Repository/Record_Mode_Objects/p_Jida Intezaar si, Aaj Rabba Wohi Din Aaya hai' are matched.

15-10-2024T10:43:33 - [TEST_STEP][PASSED] - click(findTestObject("Object Repository/Record_Mode_Objects/a_Go to Homepage")): Object: 'Object Repository/Record_Mode_Objects/a_Go to Homepage' is clicked on

15-10-2024T10:43:34 - [MESSAGE][PASSED] - Object: 'Object Repository/Record_Mode_Objects/a_Go to Homepage' is clicked on

15-10-2024T10:43:34 - [TEST_STEP][PASSED] - closeBrowser(): Browser is closed

15-10-2024T10:43:36 - [MESSAGE][PASSED] - Browser is closed]]></system-out>
         <system-err><![CDATA[]]></system-err>
      </testcase>
      <testcase name="Test Cases/Script_Mode_Cases/Script_Demo_Test_Case" time="20.298" classname="Test Cases/Script_Mode_Cases/Script_Demo_Test_Case" status="PASSED">
         <system-out><![CDATA[15-10-2024T10:43:36 - [TEST_CASE][PASSED] - Test Cases/Script_Mode_Cases/Script_Demo_Test_Case: Test Cases/Script_Mode_Cases/Script_Demo_Test_Case

15-10-2024T10:43:36 - [TEST_STEP][PASSED] - openBrowser(""): Browser is opened with url: ''

15-10-2024T10:43:36 - [MESSAGE][INFO] - Starting 'Chrome' driver

15-10-2024T10:43:36 - [MESSAGE][INFO] - Action delay is set to 0 milliseconds

15-10-2024T10:43:38 - [MESSAGE][PASSED] - Browser is opened with url: ''

15-10-2024T10:43:38 - [TEST_STEP][PASSED] - maximizeWindow(): Current window maximized

15-10-2024T10:43:38 - [MESSAGE][PASSED] - Current window maximized

15-10-2024T10:43:38 - [TEST_STEP][PASSED] - navigateToUrl("https://opensource-demo.orangehrmlive.com/web/index.php/auth/login"): Navigate to 'https://opensource-demo.orangehrmlive.com/web/index.php/auth/login' successfully

15-10-2024T10:43:39 - [MESSAGE][PASSED] - Navigate to 'https://opensource-demo.orangehrmlive.com/web/index.php/auth/login' successfully

15-10-2024T10:43:39 - [TEST_STEP][PASSED] - verifyTextPresent("Login", false): Text 'Login' is present on page 

15-10-2024T10:43:42 - [MESSAGE][PASSED] - Text 'Login' is present on page 

15-10-2024T10:43:42 - [TEST_STEP][PASSED] - delay(2): Delayed 2 second(s)

15-10-2024T10:43:44 - [MESSAGE][PASSED] - Delayed 2 second(s)

15-10-2024T10:43:44 - [TEST_STEP][PASSED] - setText(findTestObject("Object Repository/Manual_Script_Mode_Objects/input_Username_username"), "Admin"): Text 'Admin' is set on object 'Object Repository/Manual_Script_Mode_Objects/input_Username_username'

15-10-2024T10:43:44 - [MESSAGE][PASSED] - Text 'Admin' is set on object 'Object Repository/Manual_Script_Mode_Objects/input_Username_username'

15-10-2024T10:43:44 - [TEST_STEP][PASSED] - delay(2): Delayed 2 second(s)

15-10-2024T10:43:46 - [MESSAGE][PASSED] - Delayed 2 second(s)

15-10-2024T10:43:46 - [TEST_STEP][PASSED] - setEncryptedText(findTestObject("Object Repository/Manual_Script_Mode_Objects/input_Password_password"), "hUKwJTbofgPU9eVlw/CnDQ=="): Text ****** has been set on object 'Object Repository/Manual_Script_Mode_Objects/input_Password_password'

15-10-2024T10:43:47 - [MESSAGE][PASSED] - Text ****** has been set on object 'Object Repository/Manual_Script_Mode_Objects/input_Password_password'

15-10-2024T10:43:47 - [TEST_STEP][PASSED] - delay(2): Delayed 2 second(s)

15-10-2024T10:43:49 - [MESSAGE][PASSED] - Delayed 2 second(s)

15-10-2024T10:43:49 - [TEST_STEP][PASSED] - click(findTestObject("Object Repository/Manual_Script_Mode_Objects/button_Login")): Object: 'Object Repository/Manual_Script_Mode_Objects/button_Login' is clicked on

15-10-2024T10:43:50 - [MESSAGE][PASSED] - Object: 'Object Repository/Manual_Script_Mode_Objects/button_Login' is clicked on

15-10-2024T10:43:50 - [TEST_STEP][PASSED] - delay(2): Delayed 2 second(s)

15-10-2024T10:43:52 - [MESSAGE][PASSED] - Delayed 2 second(s)

15-10-2024T10:43:52 - [TEST_STEP][PASSED] - verifyTextPresent("Dashboard", false): Text 'Dashboard' is present on page 

15-10-2024T10:43:53 - [MESSAGE][PASSED] - Text 'Dashboard' is present on page 

15-10-2024T10:43:53 - [TEST_STEP][PASSED] - delay(2): Delayed 2 second(s)

15-10-2024T10:43:55 - [MESSAGE][PASSED] - Delayed 2 second(s)

15-10-2024T10:43:55 - [TEST_STEP][PASSED] - closeBrowser(): Browser is closed

15-10-2024T10:43:56 - [MESSAGE][PASSED] - Browser is closed]]></system-out>
         <system-err><![CDATA[]]></system-err>
      </testcase>
      <system-out><![CDATA[15-10-2024T10:43:18 - [TEST_SUITE][PASSED] - ALL_Cases: Test Cases/Script_Mode_Cases/Script_Demo_Test_Case]]></system-out>
      <system-err><![CDATA[]]></system-err>
   </testsuite>
   <testsuite name="ALL_Cases" tests="2" failures="0" errors="0" time="51.774" skipped="0" timestamp="15-10-2024T10:44:10" hostname="24080102 - DESKTOP-L509IM7.silvertouch.local" id="Test Suites/Suits/ALL_Cases">
      <properties>
         <property name="deviceName" value=""/>
         <property name="devicePlatform"/>
         <property name="logFolder" value="D:\\Silver Touch_MP\\Softwares\\Katalon\\Katalon_WorkSpace_STTL\\Katalon_Training_Udemy\\Reports\\20241015_104255\\Suits\\ALL_Cases\\20241015_104310"/>
         <property name="logFiles" value="D:\\Silver Touch_MP\\Softwares\\Katalon\\Katalon_WorkSpace_STTL\\Katalon_Training_Udemy\\Reports\\20241015_104255\\Suits\\ALL_Cases\\20241015_104310\\execution0.log"/>
         <property name="attachments" value=""/>
         <property name="hostName" value="24080102 - DESKTOP-L509IM7.silvertouch.local"/>
         <property name="os" value="Windows 10 64bit"/>
         <property name="katalonVersion" value="9.7.2.223"/>
         <property name="browser" value="Firefox 129.0"/>
         <property name="hostAddress" value="192.168.6.239"/>
         <property name="sessionId" value="d4eca4bb-9122-4b27-af29-8337a0f35952"/>
         <property name="seleniumVersion" value="3.141.59"/>
         <property name="proxyInformation" value="ProxyInformation { proxyOption=NO_PROXY, proxyServerType=HTTP, username=, password=********, proxyServerAddress=, proxyServerPort=0, executionList=&quot;&quot;, isApplyToDesiredCapabilities=true }"/>
         <property name="platform" value="Windows 10"/>
      </properties>
      <testcase name="Test Cases/Record_Mode_Cases/Record_Demo_Test_Case" time="25.837" classname="Test Cases/Record_Mode_Cases/Record_Demo_Test_Case" status="PASSED">
         <system-out><![CDATA[15-10-2024T10:44:10 - [TEST_CASE][PASSED] - Test Cases/Record_Mode_Cases/Record_Demo_Test_Case: Test Cases/Record_Mode_Cases/Record_Demo_Test_Case

15-10-2024T10:44:10 - [TEST_STEP][PASSED] - openBrowser(""): Browser is opened with url: ''

15-10-2024T10:44:10 - [MESSAGE][INFO] - Starting 'Firefox' driver

15-10-2024T10:44:10 - [MESSAGE][INFO] - Action delay is set to 0 milliseconds

15-10-2024T10:44:19 - [MESSAGE][PASSED] - Browser is opened with url: ''

15-10-2024T10:44:19 - [TEST_STEP][PASSED] - maximizeWindow(): Current window maximized

15-10-2024T10:44:19 - [MESSAGE][PASSED] - Current window maximized

15-10-2024T10:44:19 - [TEST_STEP][PASSED] - navigateToUrl("https://katalon-demo-cura.herokuapp.com/"): Navigate to 'https://katalon-demo-cura.herokuapp.com/' successfully

15-10-2024T10:44:24 - [MESSAGE][PASSED] - Navigate to 'https://katalon-demo-cura.herokuapp.com/' successfully

15-10-2024T10:44:24 - [TEST_STEP][PASSED] - click(findTestObject("Object Repository/Record_Mode_Objects/a_Make Appointment")): Object: 'Object Repository/Record_Mode_Objects/a_Make Appointment' is clicked on

15-10-2024T10:44:25 - [MESSAGE][PASSED] - Object: 'Object Repository/Record_Mode_Objects/a_Make Appointment' is clicked on

15-10-2024T10:44:25 - [TEST_STEP][PASSED] - setText(findTestObject("Object Repository/Record_Mode_Objects/input_Username_username"), "John Doe"): Text 'John Doe' is set on object 'Object Repository/Record_Mode_Objects/input_Username_username'

15-10-2024T10:44:26 - [MESSAGE][PASSED] - Text 'John Doe' is set on object 'Object Repository/Record_Mode_Objects/input_Username_username'

15-10-2024T10:44:26 - [TEST_STEP][PASSED] - setEncryptedText(findTestObject("Object Repository/Record_Mode_Objects/input_Password_password"), "g3/DOGG74jC3Flrr3yH+3D/yKbOqqUNM"): Text ****** has been set on object 'Object Repository/Record_Mode_Objects/input_Password_password'

15-10-2024T10:44:26 - [MESSAGE][PASSED] - Text ****** has been set on object 'Object Repository/Record_Mode_Objects/input_Password_password'

15-10-2024T10:44:26 - [TEST_STEP][PASSED] - click(findTestObject("Object Repository/Record_Mode_Objects/button_Login")): Object: 'Object Repository/Record_Mode_Objects/button_Login' is clicked on

15-10-2024T10:44:27 - [MESSAGE][PASSED] - Object: 'Object Repository/Record_Mode_Objects/button_Login' is clicked on

15-10-2024T10:44:27 - [TEST_STEP][PASSED] - selectOptionByValue(findTestObject("Object Repository/Record_Mode_Objects/select_Tokyo CURA Healthcare Center        _5b4107"), "Hongkong CURA Healthcare Center", true): All options with value 'Hongkong CURA Healthcare Center' are selected in object 'Object Repository/Record_Mode_Objects/select_Tokyo CURA Healthcare Center        _5b4107'  using regular expression

15-10-2024T10:44:28 - [MESSAGE][PASSED] - All options with value 'Hongkong CURA Healthcare Center' are selected in object 'Object Repository/Record_Mode_Objects/select_Tokyo CURA Healthcare Center        _5b4107'  using regular expression

15-10-2024T10:44:28 - [TEST_STEP][PASSED] - click(findTestObject("Object Repository/Record_Mode_Objects/input_Apply for hospital readmission_hospit_63901f")): Object: 'Object Repository/Record_Mode_Objects/input_Apply for hospital readmission_hospit_63901f' is clicked on

15-10-2024T10:44:29 - [MESSAGE][PASSED] - Object: 'Object Repository/Record_Mode_Objects/input_Apply for hospital readmission_hospit_63901f' is clicked on

15-10-2024T10:44:29 - [TEST_STEP][PASSED] - click(findTestObject("Object Repository/Record_Mode_Objects/input_None_programs")): Object: 'Object Repository/Record_Mode_Objects/input_None_programs' is clicked on

15-10-2024T10:44:29 - [MESSAGE][PASSED] - Object: 'Object Repository/Record_Mode_Objects/input_None_programs' is clicked on

15-10-2024T10:44:29 - [TEST_STEP][PASSED] - click(findTestObject("Object Repository/Record_Mode_Objects/div_Visit Date (Required)_input-group-addon")): Object: 'Object Repository/Record_Mode_Objects/div_Visit Date (Required)_input-group-addon' is clicked on

15-10-2024T10:44:30 - [MESSAGE][PASSED] - Object: 'Object Repository/Record_Mode_Objects/div_Visit Date (Required)_input-group-addon' is clicked on

15-10-2024T10:44:30 - [TEST_STEP][PASSED] - click(findTestObject("Object Repository/Record_Mode_Objects/th_")): Object: 'Object Repository/Record_Mode_Objects/th_' is clicked on

15-10-2024T10:44:30 - [MESSAGE][PASSED] - Object: 'Object Repository/Record_Mode_Objects/th_' is clicked on

15-10-2024T10:44:30 - [TEST_STEP][PASSED] - click(findTestObject("Object Repository/Record_Mode_Objects/td_24")): Object: 'Object Repository/Record_Mode_Objects/td_24' is clicked on

15-10-2024T10:44:31 - [MESSAGE][PASSED] - Object: 'Object Repository/Record_Mode_Objects/td_24' is clicked on

15-10-2024T10:44:31 - [TEST_STEP][PASSED] - setText(findTestObject("Object Repository/Record_Mode_Objects/textarea_Comment_comment"), "Jida Intezaar si, Aaj Rabba Wohi Din Aaya hai"): Text 'Jida Intezaar si, Aaj Rabba Wohi Din Aaya hai' is set on object 'Object Repository/Record_Mode_Objects/textarea_Comment_comment'

15-10-2024T10:44:31 - [MESSAGE][PASSED] - Text 'Jida Intezaar si, Aaj Rabba Wohi Din Aaya hai' is set on object 'Object Repository/Record_Mode_Objects/textarea_Comment_comment'

15-10-2024T10:44:31 - [TEST_STEP][PASSED] - click(findTestObject("Object Repository/Record_Mode_Objects/button_Book Appointment")): Object: 'Object Repository/Record_Mode_Objects/button_Book Appointment' is clicked on

15-10-2024T10:44:32 - [MESSAGE][PASSED] - Object: 'Object Repository/Record_Mode_Objects/button_Book Appointment' is clicked on

15-10-2024T10:44:32 - [TEST_STEP][PASSED] - verifyElementText(findTestObject("Object Repository/Record_Mode_Objects/h2_Appointment Confirmation"), "Appointment Confirmation"): Actual text and expected text of test object 'Object Repository/Record_Mode_Objects/h2_Appointment Confirmation' are matched.

15-10-2024T10:44:32 - [MESSAGE][PASSED] - Actual text and expected text of test object 'Object Repository/Record_Mode_Objects/h2_Appointment Confirmation' are matched.

15-10-2024T10:44:32 - [TEST_STEP][PASSED] - verifyElementText(findTestObject("Object Repository/Record_Mode_Objects/p_Jida Intezaar si, Aaj Rabba Wohi Din Aaya hai"), "Jida Intezaar si, Aaj Rabba Wohi Din Aaya hai"): Actual text and expected text of test object 'Object Repository/Record_Mode_Objects/p_Jida Intezaar si, Aaj Rabba Wohi Din Aaya hai' are matched.

15-10-2024T10:44:33 - [MESSAGE][PASSED] - Actual text and expected text of test object 'Object Repository/Record_Mode_Objects/p_Jida Intezaar si, Aaj Rabba Wohi Din Aaya hai' are matched.

15-10-2024T10:44:33 - [TEST_STEP][PASSED] - click(findTestObject("Object Repository/Record_Mode_Objects/a_Go to Homepage")): Object: 'Object Repository/Record_Mode_Objects/a_Go to Homepage' is clicked on

15-10-2024T10:44:33 - [MESSAGE][PASSED] - Object: 'Object Repository/Record_Mode_Objects/a_Go to Homepage' is clicked on

15-10-2024T10:44:33 - [TEST_STEP][PASSED] - closeBrowser(): Browser is closed

15-10-2024T10:44:36 - [MESSAGE][PASSED] - Browser is closed]]></system-out>
         <system-err><![CDATA[]]></system-err>
      </testcase>
      <testcase name="Test Cases/Script_Mode_Cases/Script_Demo_Test_Case" time="25.804" classname="Test Cases/Script_Mode_Cases/Script_Demo_Test_Case" status="PASSED">
         <system-out><![CDATA[15-10-2024T10:44:36 - [TEST_CASE][PASSED] - Test Cases/Script_Mode_Cases/Script_Demo_Test_Case: Test Cases/Script_Mode_Cases/Script_Demo_Test_Case

15-10-2024T10:44:36 - [TEST_STEP][PASSED] - openBrowser(""): Browser is opened with url: ''

15-10-2024T10:44:36 - [MESSAGE][INFO] - Starting 'Firefox' driver

15-10-2024T10:44:36 - [MESSAGE][INFO] - Action delay is set to 0 milliseconds

15-10-2024T10:44:41 - [MESSAGE][PASSED] - Browser is opened with url: ''

15-10-2024T10:44:41 - [TEST_STEP][PASSED] - maximizeWindow(): Current window maximized

15-10-2024T10:44:41 - [MESSAGE][PASSED] - Current window maximized

15-10-2024T10:44:41 - [TEST_STEP][PASSED] - navigateToUrl("https://opensource-demo.orangehrmlive.com/web/index.php/auth/login"): Navigate to 'https://opensource-demo.orangehrmlive.com/web/index.php/auth/login' successfully

15-10-2024T10:44:44 - [MESSAGE][PASSED] - Navigate to 'https://opensource-demo.orangehrmlive.com/web/index.php/auth/login' successfully

15-10-2024T10:44:44 - [TEST_STEP][PASSED] - verifyTextPresent("Login", false): Text 'Login' is present on page 

15-10-2024T10:44:45 - [MESSAGE][PASSED] - Text 'Login' is present on page 

15-10-2024T10:44:45 - [TEST_STEP][PASSED] - delay(2): Delayed 2 second(s)

15-10-2024T10:44:48 - [MESSAGE][PASSED] - Delayed 2 second(s)

15-10-2024T10:44:48 - [TEST_STEP][PASSED] - setText(findTestObject("Object Repository/Manual_Script_Mode_Objects/input_Username_username"), "Admin"): Text 'Admin' is set on object 'Object Repository/Manual_Script_Mode_Objects/input_Username_username'

15-10-2024T10:44:48 - [MESSAGE][PASSED] - Text 'Admin' is set on object 'Object Repository/Manual_Script_Mode_Objects/input_Username_username'

15-10-2024T10:44:48 - [TEST_STEP][PASSED] - delay(2): Delayed 2 second(s)

15-10-2024T10:44:50 - [MESSAGE][PASSED] - Delayed 2 second(s)

15-10-2024T10:44:50 - [TEST_STEP][PASSED] - setEncryptedText(findTestObject("Object Repository/Manual_Script_Mode_Objects/input_Password_password"), "hUKwJTbofgPU9eVlw/CnDQ=="): Text ****** has been set on object 'Object Repository/Manual_Script_Mode_Objects/input_Password_password'

15-10-2024T10:44:50 - [MESSAGE][PASSED] - Text ****** has been set on object 'Object Repository/Manual_Script_Mode_Objects/input_Password_password'

15-10-2024T10:44:50 - [TEST_STEP][PASSED] - delay(2): Delayed 2 second(s)

15-10-2024T10:44:52 - [MESSAGE][PASSED] - Delayed 2 second(s)

15-10-2024T10:44:52 - [TEST_STEP][PASSED] - click(findTestObject("Object Repository/Manual_Script_Mode_Objects/button_Login")): Object: 'Object Repository/Manual_Script_Mode_Objects/button_Login' is clicked on

15-10-2024T10:44:54 - [MESSAGE][PASSED] - Object: 'Object Repository/Manual_Script_Mode_Objects/button_Login' is clicked on

15-10-2024T10:44:54 - [TEST_STEP][PASSED] - delay(2): Delayed 2 second(s)

15-10-2024T10:44:56 - [MESSAGE][PASSED] - Delayed 2 second(s)

15-10-2024T10:44:56 - [TEST_STEP][PASSED] - verifyTextPresent("Dashboard", false): Text 'Dashboard' is present on page 

15-10-2024T10:44:57 - [MESSAGE][PASSED] - Text 'Dashboard' is present on page 

15-10-2024T10:44:57 - [TEST_STEP][PASSED] - delay(2): Delayed 2 second(s)

15-10-2024T10:44:59 - [MESSAGE][PASSED] - Delayed 2 second(s)

15-10-2024T10:44:59 - [TEST_STEP][PASSED] - closeBrowser(): Browser is closed

15-10-2024T10:45:01 - [MESSAGE][PASSED] - Browser is closed]]></system-out>
         <system-err><![CDATA[]]></system-err>
      </testcase>
      <system-out><![CDATA[15-10-2024T10:44:10 - [TEST_SUITE][PASSED] - ALL_Cases: Test Cases/Script_Mode_Cases/Script_Demo_Test_Case]]></system-out>
      <system-err><![CDATA[]]></system-err>
   </testsuite>
</testsuites>
