<?xml version="1.0" encoding="UTF-8"?>
<testsuites name="Collection_1" time="125.169" tests="4" failures="0" errors="0">
   <testsuite name="ALL_Cases" tests="2" failures="0" errors="0" time="40.348" skipped="0" timestamp="15-10-2024T15:37:37" hostname="24080102 - DESKTOP-L509IM7.silvertouch.local" id="Test Suites/Suits/ALL_Cases">
      <properties>
         <property name="deviceName" value=""/>
         <property name="devicePlatform"/>
         <property name="logFolder" value="D:\\Silver Touch_MP\\Softwares\\Katalon\\Katalon_WorkSpace_STTL\\Katalon_Training_Udemy\\Reports\\20241015_153709\\Suits\\ALL_Cases\\20241015_153718"/>
         <property name="logFiles" value="D:\\Silver Touch_MP\\Softwares\\Katalon\\Katalon_WorkSpace_STTL\\Katalon_Training_Udemy\\Reports\\20241015_153709\\Suits\\ALL_Cases\\20241015_153718\\execution0.log"/>
         <property name="attachments" value=""/>
         <property name="hostName" value="24080102 - DESKTOP-L509IM7.silvertouch.local"/>
         <property name="os" value="Windows 10 64bit"/>
         <property name="katalonVersion" value="9.7.2.223"/>
         <property name="browser" value="Chrome 129.0.0.0"/>
         <property name="hostAddress" value="192.168.6.239"/>
         <property name="sessionId" value="d86ab168ce4bd1a6124e4244fc390cc2"/>
         <property name="seleniumVersion" value="3.141.59"/>
         <property name="proxyInformation" value="ProxyInformation { proxyOption=NO_PROXY, proxyServerType=HTTP, username=, password=********, proxyServerAddress=, proxyServerPort=0, executionList=&quot;&quot;, isApplyToDesiredCapabilities=true }"/>
         <property name="platform" value="Windows 10"/>
      </properties>
      <testcase name="Test Cases/Record_Mode_Cases/Record_Demo_Test_Case" time="18.541" classname="Test Cases/Record_Mode_Cases/Record_Demo_Test_Case" status="PASSED">
         <system-out><![CDATA[15-10-2024T15:37:37 - [TEST_CASE][PASSED] - Test Cases/Record_Mode_Cases/Record_Demo_Test_Case: Test Cases/Record_Mode_Cases/Record_Demo_Test_Case

15-10-2024T15:37:37 - [TEST_STEP][PASSED] - openBrowser(""): Browser is opened with url: ''

15-10-2024T15:37:38 - [MESSAGE][INFO] - Starting 'Chrome' driver

15-10-2024T15:37:38 - [MESSAGE][INFO] - Action delay is set to 0 milliseconds

15-10-2024T15:37:42 - [MESSAGE][PASSED] - Browser is opened with url: ''

15-10-2024T15:37:42 - [TEST_STEP][PASSED] - maximizeWindow(): Current window maximized

15-10-2024T15:37:42 - [MESSAGE][PASSED] - Current window maximized

15-10-2024T15:37:42 - [TEST_STEP][PASSED] - navigateToUrl("https://katalon-demo-cura.herokuapp.com/"): Navigate to 'https://katalon-demo-cura.herokuapp.com/' successfully

15-10-2024T15:37:45 - [MESSAGE][PASSED] - Navigate to 'https://katalon-demo-cura.herokuapp.com/' successfully

15-10-2024T15:37:45 - [TEST_STEP][PASSED] - click(findTestObject("Object Repository/Record_Mode_Objects/a_Make Appointment")): Object: 'Object Repository/Record_Mode_Objects/a_Make Appointment' is clicked on

15-10-2024T15:37:46 - [MESSAGE][PASSED] - Object: 'Object Repository/Record_Mode_Objects/a_Make Appointment' is clicked on

15-10-2024T15:37:46 - [TEST_STEP][PASSED] - setText(findTestObject("Object Repository/Record_Mode_Objects/input_Username_username"), "John Doe"): Text 'John Doe' is set on object 'Object Repository/Record_Mode_Objects/input_Username_username'

15-10-2024T15:37:47 - [MESSAGE][PASSED] - Text 'John Doe' is set on object 'Object Repository/Record_Mode_Objects/input_Username_username'

15-10-2024T15:37:47 - [TEST_STEP][PASSED] - setEncryptedText(findTestObject("Object Repository/Record_Mode_Objects/input_Password_password"), "g3/DOGG74jC3Flrr3yH+3D/yKbOqqUNM"): Text ****** has been set on object 'Object Repository/Record_Mode_Objects/input_Password_password'

15-10-2024T15:37:47 - [MESSAGE][PASSED] - Text ****** has been set on object 'Object Repository/Record_Mode_Objects/input_Password_password'

15-10-2024T15:37:47 - [TEST_STEP][PASSED] - click(findTestObject("Object Repository/Record_Mode_Objects/button_Login")): Object: 'Object Repository/Record_Mode_Objects/button_Login' is clicked on

15-10-2024T15:37:48 - [MESSAGE][PASSED] - Object: 'Object Repository/Record_Mode_Objects/button_Login' is clicked on

15-10-2024T15:37:48 - [TEST_STEP][PASSED] - selectOptionByValue(findTestObject("Object Repository/Record_Mode_Objects/select_Tokyo CURA Healthcare Center        _5b4107"), "Hongkong CURA Healthcare Center", true): All options with value 'Hongkong CURA Healthcare Center' are selected in object 'Object Repository/Record_Mode_Objects/select_Tokyo CURA Healthcare Center        _5b4107'  using regular expression

15-10-2024T15:37:49 - [MESSAGE][PASSED] - All options with value 'Hongkong CURA Healthcare Center' are selected in object 'Object Repository/Record_Mode_Objects/select_Tokyo CURA Healthcare Center        _5b4107'  using regular expression

15-10-2024T15:37:49 - [TEST_STEP][PASSED] - click(findTestObject("Object Repository/Record_Mode_Objects/input_Apply for hospital readmission_hospit_63901f")): Object: 'Object Repository/Record_Mode_Objects/input_Apply for hospital readmission_hospit_63901f' is clicked on

15-10-2024T15:37:50 - [MESSAGE][PASSED] - Object: 'Object Repository/Record_Mode_Objects/input_Apply for hospital readmission_hospit_63901f' is clicked on

15-10-2024T15:37:50 - [TEST_STEP][PASSED] - click(findTestObject("Object Repository/Record_Mode_Objects/input_None_programs")): Object: 'Object Repository/Record_Mode_Objects/input_None_programs' is clicked on

15-10-2024T15:37:50 - [MESSAGE][PASSED] - Object: 'Object Repository/Record_Mode_Objects/input_None_programs' is clicked on

15-10-2024T15:37:50 - [TEST_STEP][PASSED] - click(findTestObject("Object Repository/Record_Mode_Objects/div_Visit Date (Required)_input-group-addon")): Object: 'Object Repository/Record_Mode_Objects/div_Visit Date (Required)_input-group-addon' is clicked on

15-10-2024T15:37:50 - [MESSAGE][PASSED] - Object: 'Object Repository/Record_Mode_Objects/div_Visit Date (Required)_input-group-addon' is clicked on

15-10-2024T15:37:50 - [TEST_STEP][PASSED] - click(findTestObject("Object Repository/Record_Mode_Objects/th_")): Object: 'Object Repository/Record_Mode_Objects/th_' is clicked on

15-10-2024T15:37:51 - [MESSAGE][PASSED] - Object: 'Object Repository/Record_Mode_Objects/th_' is clicked on

15-10-2024T15:37:51 - [TEST_STEP][PASSED] - click(findTestObject("Object Repository/Record_Mode_Objects/td_24")): Object: 'Object Repository/Record_Mode_Objects/td_24' is clicked on

15-10-2024T15:37:51 - [MESSAGE][PASSED] - Object: 'Object Repository/Record_Mode_Objects/td_24' is clicked on

15-10-2024T15:37:51 - [TEST_STEP][PASSED] - setText(findTestObject("Object Repository/Record_Mode_Objects/textarea_Comment_comment"), "Jida Intezaar si, Aaj Rabba Wohi Din Aaya hai"): Text 'Jida Intezaar si, Aaj Rabba Wohi Din Aaya hai' is set on object 'Object Repository/Record_Mode_Objects/textarea_Comment_comment'

15-10-2024T15:37:52 - [MESSAGE][PASSED] - Text 'Jida Intezaar si, Aaj Rabba Wohi Din Aaya hai' is set on object 'Object Repository/Record_Mode_Objects/textarea_Comment_comment'

15-10-2024T15:37:52 - [TEST_STEP][PASSED] - click(findTestObject("Object Repository/Record_Mode_Objects/button_Book Appointment")): Object: 'Object Repository/Record_Mode_Objects/button_Book Appointment' is clicked on

15-10-2024T15:37:53 - [MESSAGE][PASSED] - Object: 'Object Repository/Record_Mode_Objects/button_Book Appointment' is clicked on

15-10-2024T15:37:53 - [TEST_STEP][PASSED] - verifyElementText(findTestObject("Object Repository/Record_Mode_Objects/h2_Appointment Confirmation"), "Appointment Confirmation"): Actual text and expected text of test object 'Object Repository/Record_Mode_Objects/h2_Appointment Confirmation' are matched.

15-10-2024T15:37:53 - [MESSAGE][PASSED] - Actual text and expected text of test object 'Object Repository/Record_Mode_Objects/h2_Appointment Confirmation' are matched.

15-10-2024T15:37:53 - [TEST_STEP][PASSED] - verifyElementText(findTestObject("Object Repository/Record_Mode_Objects/p_Jida Intezaar si, Aaj Rabba Wohi Din Aaya hai"), "Jida Intezaar si, Aaj Rabba Wohi Din Aaya hai"): Actual text and expected text of test object 'Object Repository/Record_Mode_Objects/p_Jida Intezaar si, Aaj Rabba Wohi Din Aaya hai' are matched.

15-10-2024T15:37:54 - [MESSAGE][PASSED] - Actual text and expected text of test object 'Object Repository/Record_Mode_Objects/p_Jida Intezaar si, Aaj Rabba Wohi Din Aaya hai' are matched.

15-10-2024T15:37:54 - [TEST_STEP][PASSED] - click(findTestObject("Object Repository/Record_Mode_Objects/a_Go to Homepage")): Object: 'Object Repository/Record_Mode_Objects/a_Go to Homepage' is clicked on

15-10-2024T15:37:55 - [MESSAGE][PASSED] - Object: 'Object Repository/Record_Mode_Objects/a_Go to Homepage' is clicked on

15-10-2024T15:37:55 - [TEST_STEP][PASSED] - closeBrowser(): Browser is closed

15-10-2024T15:37:56 - [MESSAGE][PASSED] - Browser is closed]]></system-out>
         <system-err><![CDATA[]]></system-err>
      </testcase>
      <testcase name="Test Cases/Script_Mode_Cases/Script_Demo_Test_Case" time="21.586" classname="Test Cases/Script_Mode_Cases/Script_Demo_Test_Case" status="PASSED">
         <system-out><![CDATA[15-10-2024T15:37:56 - [TEST_CASE][PASSED] - Test Cases/Script_Mode_Cases/Script_Demo_Test_Case: Test Cases/Script_Mode_Cases/Script_Demo_Test_Case

15-10-2024T15:37:56 - [TEST_STEP][PASSED] - openBrowser(""): Browser is opened with url: ''

15-10-2024T15:37:56 - [MESSAGE][INFO] - Starting 'Chrome' driver

15-10-2024T15:37:56 - [MESSAGE][INFO] - Action delay is set to 0 milliseconds

15-10-2024T15:37:58 - [MESSAGE][PASSED] - Browser is opened with url: ''

15-10-2024T15:37:58 - [TEST_STEP][PASSED] - maximizeWindow(): Current window maximized

15-10-2024T15:37:58 - [MESSAGE][PASSED] - Current window maximized

15-10-2024T15:37:58 - [TEST_STEP][PASSED] - navigateToUrl("https://opensource-demo.orangehrmlive.com/web/index.php/auth/login"): Navigate to 'https://opensource-demo.orangehrmlive.com/web/index.php/auth/login' successfully

15-10-2024T15:38:00 - [MESSAGE][PASSED] - Navigate to 'https://opensource-demo.orangehrmlive.com/web/index.php/auth/login' successfully

15-10-2024T15:38:00 - [TEST_STEP][PASSED] - verifyTextPresent("Login", false): Text 'Login' is present on page 

15-10-2024T15:38:03 - [MESSAGE][PASSED] - Text 'Login' is present on page 

15-10-2024T15:38:03 - [TEST_STEP][PASSED] - delay(2): Delayed 2 second(s)

15-10-2024T15:38:05 - [MESSAGE][PASSED] - Delayed 2 second(s)

15-10-2024T15:38:05 - [TEST_STEP][PASSED] - setText(findTestObject("Object Repository/Manual_Script_Mode_Objects/input_Username_username"), "Admin"): Text 'Admin' is set on object 'Object Repository/Manual_Script_Mode_Objects/input_Username_username'

15-10-2024T15:38:06 - [MESSAGE][PASSED] - Text 'Admin' is set on object 'Object Repository/Manual_Script_Mode_Objects/input_Username_username'

15-10-2024T15:38:06 - [TEST_STEP][PASSED] - delay(2): Delayed 2 second(s)

15-10-2024T15:38:08 - [MESSAGE][PASSED] - Delayed 2 second(s)

15-10-2024T15:38:08 - [TEST_STEP][PASSED] - setEncryptedText(findTestObject("Object Repository/Manual_Script_Mode_Objects/input_Password_password"), "hUKwJTbofgPU9eVlw/CnDQ=="): Text ****** has been set on object 'Object Repository/Manual_Script_Mode_Objects/input_Password_password'

15-10-2024T15:38:08 - [MESSAGE][PASSED] - Text ****** has been set on object 'Object Repository/Manual_Script_Mode_Objects/input_Password_password'

15-10-2024T15:38:08 - [TEST_STEP][PASSED] - delay(2): Delayed 2 second(s)

15-10-2024T15:38:10 - [MESSAGE][PASSED] - Delayed 2 second(s)

15-10-2024T15:38:10 - [TEST_STEP][PASSED] - click(findTestObject("Object Repository/Manual_Script_Mode_Objects/button_Login")): Object: 'Object Repository/Manual_Script_Mode_Objects/button_Login' is clicked on

15-10-2024T15:38:11 - [MESSAGE][PASSED] - Object: 'Object Repository/Manual_Script_Mode_Objects/button_Login' is clicked on

15-10-2024T15:38:11 - [TEST_STEP][PASSED] - delay(2): Delayed 2 second(s)

15-10-2024T15:38:13 - [MESSAGE][PASSED] - Delayed 2 second(s)

15-10-2024T15:38:13 - [TEST_STEP][PASSED] - verifyTextPresent("Dashboard", false): Text 'Dashboard' is present on page 

15-10-2024T15:38:14 - [MESSAGE][PASSED] - Text 'Dashboard' is present on page 

15-10-2024T15:38:14 - [TEST_STEP][PASSED] - delay(2): Delayed 2 second(s)

15-10-2024T15:38:16 - [MESSAGE][PASSED] - Delayed 2 second(s)

15-10-2024T15:38:16 - [TEST_STEP][PASSED] - closeBrowser(): Browser is closed

15-10-2024T15:38:17 - [MESSAGE][PASSED] - Browser is closed]]></system-out>
         <system-err><![CDATA[]]></system-err>
      </testcase>
      <system-out><![CDATA[15-10-2024T15:37:37 - [TEST_SUITE][PASSED] - ALL_Cases: Test Cases/Script_Mode_Cases/Script_Demo_Test_Case]]></system-out>
      <system-err><![CDATA[]]></system-err>
   </testsuite>
   <testsuite name="ALL_Cases" tests="2" failures="0" errors="0" time="57.831" skipped="0" timestamp="15-10-2024T15:38:34" hostname="24080102 - DESKTOP-L509IM7.silvertouch.local" id="Test Suites/Suits/ALL_Cases">
      <properties>
         <property name="deviceName" value=""/>
         <property name="devicePlatform"/>
         <property name="logFolder" value="D:\\Silver Touch_MP\\Softwares\\Katalon\\Katalon_WorkSpace_STTL\\Katalon_Training_Udemy\\Reports\\20241015_153709\\Suits\\ALL_Cases\\20241015_153725"/>
         <property name="logFiles" value="D:\\Silver Touch_MP\\Softwares\\Katalon\\Katalon_WorkSpace_STTL\\Katalon_Training_Udemy\\Reports\\20241015_153709\\Suits\\ALL_Cases\\20241015_153725\\execution0.log"/>
         <property name="attachments" value=""/>
         <property name="hostName" value="24080102 - DESKTOP-L509IM7.silvertouch.local"/>
         <property name="os" value="Windows 10 64bit"/>
         <property name="katalonVersion" value="9.7.2.223"/>
         <property name="browser" value="Firefox 129.0"/>
         <property name="hostAddress" value="192.168.6.239"/>
         <property name="sessionId" value="b3e845b5-c7e2-4306-934c-21c447ed0ab3"/>
         <property name="seleniumVersion" value="3.141.59"/>
         <property name="proxyInformation" value="ProxyInformation { proxyOption=NO_PROXY, proxyServerType=HTTP, username=, password=********, proxyServerAddress=, proxyServerPort=0, executionList=&quot;&quot;, isApplyToDesiredCapabilities=true }"/>
         <property name="platform" value="Windows 10"/>
      </properties>
      <testcase name="Test Cases/Record_Mode_Cases/Record_Demo_Test_Case" time="30.564" classname="Test Cases/Record_Mode_Cases/Record_Demo_Test_Case" status="PASSED">
         <system-out><![CDATA[15-10-2024T15:38:34 - [TEST_CASE][PASSED] - Test Cases/Record_Mode_Cases/Record_Demo_Test_Case: Test Cases/Record_Mode_Cases/Record_Demo_Test_Case

15-10-2024T15:38:34 - [TEST_STEP][PASSED] - openBrowser(""): Browser is opened with url: ''

15-10-2024T15:38:34 - [MESSAGE][INFO] - Starting 'Firefox' driver

15-10-2024T15:38:34 - [MESSAGE][INFO] - Action delay is set to 0 milliseconds

15-10-2024T15:38:45 - [MESSAGE][PASSED] - Browser is opened with url: ''

15-10-2024T15:38:45 - [TEST_STEP][PASSED] - maximizeWindow(): Current window maximized

15-10-2024T15:38:45 - [MESSAGE][PASSED] - Current window maximized

15-10-2024T15:38:45 - [TEST_STEP][PASSED] - navigateToUrl("https://katalon-demo-cura.herokuapp.com/"): Navigate to 'https://katalon-demo-cura.herokuapp.com/' successfully

15-10-2024T15:38:53 - [MESSAGE][PASSED] - Navigate to 'https://katalon-demo-cura.herokuapp.com/' successfully

15-10-2024T15:38:53 - [TEST_STEP][PASSED] - click(findTestObject("Object Repository/Record_Mode_Objects/a_Make Appointment")): Object: 'Object Repository/Record_Mode_Objects/a_Make Appointment' is clicked on

15-10-2024T15:38:53 - [MESSAGE][PASSED] - Object: 'Object Repository/Record_Mode_Objects/a_Make Appointment' is clicked on

15-10-2024T15:38:53 - [TEST_STEP][PASSED] - setText(findTestObject("Object Repository/Record_Mode_Objects/input_Username_username"), "John Doe"): Text 'John Doe' is set on object 'Object Repository/Record_Mode_Objects/input_Username_username'

15-10-2024T15:38:54 - [MESSAGE][PASSED] - Text 'John Doe' is set on object 'Object Repository/Record_Mode_Objects/input_Username_username'

15-10-2024T15:38:54 - [TEST_STEP][PASSED] - setEncryptedText(findTestObject("Object Repository/Record_Mode_Objects/input_Password_password"), "g3/DOGG74jC3Flrr3yH+3D/yKbOqqUNM"): Text ****** has been set on object 'Object Repository/Record_Mode_Objects/input_Password_password'

15-10-2024T15:38:54 - [MESSAGE][PASSED] - Text ****** has been set on object 'Object Repository/Record_Mode_Objects/input_Password_password'

15-10-2024T15:38:54 - [TEST_STEP][PASSED] - click(findTestObject("Object Repository/Record_Mode_Objects/button_Login")): Object: 'Object Repository/Record_Mode_Objects/button_Login' is clicked on

15-10-2024T15:38:55 - [MESSAGE][PASSED] - Object: 'Object Repository/Record_Mode_Objects/button_Login' is clicked on

15-10-2024T15:38:55 - [TEST_STEP][PASSED] - selectOptionByValue(findTestObject("Object Repository/Record_Mode_Objects/select_Tokyo CURA Healthcare Center        _5b4107"), "Hongkong CURA Healthcare Center", true): All options with value 'Hongkong CURA Healthcare Center' are selected in object 'Object Repository/Record_Mode_Objects/select_Tokyo CURA Healthcare Center        _5b4107'  using regular expression

15-10-2024T15:38:57 - [MESSAGE][PASSED] - All options with value 'Hongkong CURA Healthcare Center' are selected in object 'Object Repository/Record_Mode_Objects/select_Tokyo CURA Healthcare Center        _5b4107'  using regular expression

15-10-2024T15:38:57 - [TEST_STEP][PASSED] - click(findTestObject("Object Repository/Record_Mode_Objects/input_Apply for hospital readmission_hospit_63901f")): Object: 'Object Repository/Record_Mode_Objects/input_Apply for hospital readmission_hospit_63901f' is clicked on

15-10-2024T15:38:57 - [MESSAGE][PASSED] - Object: 'Object Repository/Record_Mode_Objects/input_Apply for hospital readmission_hospit_63901f' is clicked on

15-10-2024T15:38:57 - [TEST_STEP][PASSED] - click(findTestObject("Object Repository/Record_Mode_Objects/input_None_programs")): Object: 'Object Repository/Record_Mode_Objects/input_None_programs' is clicked on

15-10-2024T15:38:58 - [MESSAGE][PASSED] - Object: 'Object Repository/Record_Mode_Objects/input_None_programs' is clicked on

15-10-2024T15:38:58 - [TEST_STEP][PASSED] - click(findTestObject("Object Repository/Record_Mode_Objects/div_Visit Date (Required)_input-group-addon")): Object: 'Object Repository/Record_Mode_Objects/div_Visit Date (Required)_input-group-addon' is clicked on

15-10-2024T15:38:58 - [MESSAGE][PASSED] - Object: 'Object Repository/Record_Mode_Objects/div_Visit Date (Required)_input-group-addon' is clicked on

15-10-2024T15:38:58 - [TEST_STEP][PASSED] - click(findTestObject("Object Repository/Record_Mode_Objects/th_")): Object: 'Object Repository/Record_Mode_Objects/th_' is clicked on

15-10-2024T15:38:58 - [MESSAGE][PASSED] - Object: 'Object Repository/Record_Mode_Objects/th_' is clicked on

15-10-2024T15:38:58 - [TEST_STEP][PASSED] - click(findTestObject("Object Repository/Record_Mode_Objects/td_24")): Object: 'Object Repository/Record_Mode_Objects/td_24' is clicked on

15-10-2024T15:38:59 - [MESSAGE][PASSED] - Object: 'Object Repository/Record_Mode_Objects/td_24' is clicked on

15-10-2024T15:38:59 - [TEST_STEP][PASSED] - setText(findTestObject("Object Repository/Record_Mode_Objects/textarea_Comment_comment"), "Jida Intezaar si, Aaj Rabba Wohi Din Aaya hai"): Text 'Jida Intezaar si, Aaj Rabba Wohi Din Aaya hai' is set on object 'Object Repository/Record_Mode_Objects/textarea_Comment_comment'

15-10-2024T15:38:59 - [MESSAGE][PASSED] - Text 'Jida Intezaar si, Aaj Rabba Wohi Din Aaya hai' is set on object 'Object Repository/Record_Mode_Objects/textarea_Comment_comment'

15-10-2024T15:38:59 - [TEST_STEP][PASSED] - click(findTestObject("Object Repository/Record_Mode_Objects/button_Book Appointment")): Object: 'Object Repository/Record_Mode_Objects/button_Book Appointment' is clicked on

15-10-2024T15:39:00 - [MESSAGE][PASSED] - Object: 'Object Repository/Record_Mode_Objects/button_Book Appointment' is clicked on

15-10-2024T15:39:00 - [TEST_STEP][PASSED] - verifyElementText(findTestObject("Object Repository/Record_Mode_Objects/h2_Appointment Confirmation"), "Appointment Confirmation"): Actual text and expected text of test object 'Object Repository/Record_Mode_Objects/h2_Appointment Confirmation' are matched.

15-10-2024T15:39:01 - [MESSAGE][PASSED] - Actual text and expected text of test object 'Object Repository/Record_Mode_Objects/h2_Appointment Confirmation' are matched.

15-10-2024T15:39:01 - [TEST_STEP][PASSED] - verifyElementText(findTestObject("Object Repository/Record_Mode_Objects/p_Jida Intezaar si, Aaj Rabba Wohi Din Aaya hai"), "Jida Intezaar si, Aaj Rabba Wohi Din Aaya hai"): Actual text and expected text of test object 'Object Repository/Record_Mode_Objects/p_Jida Intezaar si, Aaj Rabba Wohi Din Aaya hai' are matched.

15-10-2024T15:39:01 - [MESSAGE][PASSED] - Actual text and expected text of test object 'Object Repository/Record_Mode_Objects/p_Jida Intezaar si, Aaj Rabba Wohi Din Aaya hai' are matched.

15-10-2024T15:39:01 - [TEST_STEP][PASSED] - click(findTestObject("Object Repository/Record_Mode_Objects/a_Go to Homepage")): Object: 'Object Repository/Record_Mode_Objects/a_Go to Homepage' is clicked on

15-10-2024T15:39:01 - [MESSAGE][PASSED] - Object: 'Object Repository/Record_Mode_Objects/a_Go to Homepage' is clicked on

15-10-2024T15:39:01 - [TEST_STEP][PASSED] - closeBrowser(): Browser is closed

15-10-2024T15:39:04 - [MESSAGE][PASSED] - Browser is closed]]></system-out>
         <system-err><![CDATA[]]></system-err>
      </testcase>
      <testcase name="Test Cases/Script_Mode_Cases/Script_Demo_Test_Case" time="27.08" classname="Test Cases/Script_Mode_Cases/Script_Demo_Test_Case" status="PASSED">
         <system-out><![CDATA[15-10-2024T15:39:04 - [TEST_CASE][PASSED] - Test Cases/Script_Mode_Cases/Script_Demo_Test_Case: Test Cases/Script_Mode_Cases/Script_Demo_Test_Case

15-10-2024T15:39:04 - [TEST_STEP][PASSED] - openBrowser(""): Browser is opened with url: ''

15-10-2024T15:39:04 - [MESSAGE][INFO] - Starting 'Firefox' driver

15-10-2024T15:39:04 - [MESSAGE][INFO] - Action delay is set to 0 milliseconds

15-10-2024T15:39:11 - [MESSAGE][PASSED] - Browser is opened with url: ''

15-10-2024T15:39:11 - [TEST_STEP][PASSED] - maximizeWindow(): Current window maximized

15-10-2024T15:39:12 - [MESSAGE][PASSED] - Current window maximized

15-10-2024T15:39:12 - [TEST_STEP][PASSED] - navigateToUrl("https://opensource-demo.orangehrmlive.com/web/index.php/auth/login"): Navigate to 'https://opensource-demo.orangehrmlive.com/web/index.php/auth/login' successfully

15-10-2024T15:39:15 - [MESSAGE][PASSED] - Navigate to 'https://opensource-demo.orangehrmlive.com/web/index.php/auth/login' successfully

15-10-2024T15:39:15 - [TEST_STEP][PASSED] - verifyTextPresent("Login", false): Text 'Login' is present on page 

15-10-2024T15:39:16 - [MESSAGE][PASSED] - Text 'Login' is present on page 

15-10-2024T15:39:16 - [TEST_STEP][PASSED] - delay(2): Delayed 2 second(s)

15-10-2024T15:39:18 - [MESSAGE][PASSED] - Delayed 2 second(s)

15-10-2024T15:39:18 - [TEST_STEP][PASSED] - setText(findTestObject("Object Repository/Manual_Script_Mode_Objects/input_Username_username"), "Admin"): Text 'Admin' is set on object 'Object Repository/Manual_Script_Mode_Objects/input_Username_username'

15-10-2024T15:39:19 - [MESSAGE][PASSED] - Text 'Admin' is set on object 'Object Repository/Manual_Script_Mode_Objects/input_Username_username'

15-10-2024T15:39:19 - [TEST_STEP][PASSED] - delay(2): Delayed 2 second(s)

15-10-2024T15:39:21 - [MESSAGE][PASSED] - Delayed 2 second(s)

15-10-2024T15:39:21 - [TEST_STEP][PASSED] - setEncryptedText(findTestObject("Object Repository/Manual_Script_Mode_Objects/input_Password_password"), "hUKwJTbofgPU9eVlw/CnDQ=="): Text ****** has been set on object 'Object Repository/Manual_Script_Mode_Objects/input_Password_password'

15-10-2024T15:39:21 - [MESSAGE][PASSED] - Text ****** has been set on object 'Object Repository/Manual_Script_Mode_Objects/input_Password_password'

15-10-2024T15:39:21 - [TEST_STEP][PASSED] - delay(2): Delayed 2 second(s)

15-10-2024T15:39:23 - [MESSAGE][PASSED] - Delayed 2 second(s)

15-10-2024T15:39:23 - [TEST_STEP][PASSED] - click(findTestObject("Object Repository/Manual_Script_Mode_Objects/button_Login")): Object: 'Object Repository/Manual_Script_Mode_Objects/button_Login' is clicked on

15-10-2024T15:39:25 - [MESSAGE][PASSED] - Object: 'Object Repository/Manual_Script_Mode_Objects/button_Login' is clicked on

15-10-2024T15:39:25 - [TEST_STEP][PASSED] - delay(2): Delayed 2 second(s)

15-10-2024T15:39:27 - [MESSAGE][PASSED] - Delayed 2 second(s)

15-10-2024T15:39:27 - [TEST_STEP][PASSED] - verifyTextPresent("Dashboard", false): Text 'Dashboard' is present on page 

15-10-2024T15:39:27 - [MESSAGE][PASSED] - Text 'Dashboard' is present on page 

15-10-2024T15:39:27 - [TEST_STEP][PASSED] - delay(2): Delayed 2 second(s)

15-10-2024T15:39:29 - [MESSAGE][PASSED] - Delayed 2 second(s)

15-10-2024T15:39:29 - [TEST_STEP][PASSED] - closeBrowser(): Browser is closed

15-10-2024T15:39:31 - [MESSAGE][PASSED] - Browser is closed]]></system-out>
         <system-err><![CDATA[]]></system-err>
      </testcase>
      <system-out><![CDATA[15-10-2024T15:38:34 - [TEST_SUITE][PASSED] - ALL_Cases: Test Cases/Script_Mode_Cases/Script_Demo_Test_Case]]></system-out>
      <system-err><![CDATA[]]></system-err>
   </testsuite>
</testsuites>
